mode: set
github.com/danishjsheikh/swagger-mcp/app/swagger/extractor.go:10.55,11.15 1 1
github.com/danishjsheikh/swagger-mcp/app/swagger/extractor.go:11.15,14.3 2 1
github.com/danishjsheikh/swagger-mcp/app/swagger/extractor.go:15.2,15.19 1 1
github.com/danishjsheikh/swagger-mcp/app/swagger/extractor.go:18.56,20.31 1 1
github.com/danishjsheikh/swagger-mcp/app/swagger/extractor.go:20.31,21.35 1 1
github.com/danishjsheikh/swagger-mcp/app/swagger/extractor.go:21.35,23.4 1 1
github.com/danishjsheikh/swagger-mcp/app/swagger/extractor.go:24.3,24.12 1 1
github.com/danishjsheikh/swagger-mcp/app/swagger/extractor.go:28.2,29.87 2 1
github.com/danishjsheikh/swagger-mcp/app/swagger/extractor.go:29.87,31.3 1 1
github.com/danishjsheikh/swagger-mcp/app/swagger/extractor.go:32.2,32.32 1 1
github.com/danishjsheikh/swagger-mcp/app/swagger/extractor.go:32.32,34.3 1 1
github.com/danishjsheikh/swagger-mcp/app/swagger/extractor.go:35.2,35.16 1 1
github.com/danishjsheikh/swagger-mcp/app/swagger/extractor.go:38.53,41.47 2 1
github.com/danishjsheikh/swagger-mcp/app/swagger/extractor.go:41.47,42.40 1 1
github.com/danishjsheikh/swagger-mcp/app/swagger/extractor.go:42.40,50.45 7 1
github.com/danishjsheikh/swagger-mcp/app/swagger/extractor.go:50.45,51.29 1 1
github.com/danishjsheikh/swagger-mcp/app/swagger/extractor.go:51.29,53.6 1 1
github.com/danishjsheikh/swagger-mcp/app/swagger/extractor.go:56.4,57.45 2 1
github.com/danishjsheikh/swagger-mcp/app/swagger/extractor.go:57.45,58.27 1 1
github.com/danishjsheikh/swagger-mcp/app/swagger/extractor.go:58.27,60.33 2 1
github.com/danishjsheikh/swagger-mcp/app/swagger/extractor.go:60.33,62.7 1 1
github.com/danishjsheikh/swagger-mcp/app/swagger/extractor.go:66.4,67.45 2 1
github.com/danishjsheikh/swagger-mcp/app/swagger/extractor.go:67.45,68.27 1 1
github.com/danishjsheikh/swagger-mcp/app/swagger/extractor.go:68.27,71.73 3 1
github.com/danishjsheikh/swagger-mcp/app/swagger/extractor.go:71.73,72.57 1 1
github.com/danishjsheikh/swagger-mcp/app/swagger/extractor.go:72.57,74.8 1 1
github.com/danishjsheikh/swagger-mcp/app/swagger/extractor.go:75.12,75.33 1 1
github.com/danishjsheikh/swagger-mcp/app/swagger/extractor.go:75.33,77.7 1 1
github.com/danishjsheikh/swagger-mcp/app/swagger/extractor.go:81.4,82.48 2 1
github.com/danishjsheikh/swagger-mcp/app/swagger/extractor.go:82.48,84.27 2 1
github.com/danishjsheikh/swagger-mcp/app/swagger/extractor.go:84.27,86.73 2 1
github.com/danishjsheikh/swagger-mcp/app/swagger/extractor.go:86.73,88.57 2 1
github.com/danishjsheikh/swagger-mcp/app/swagger/extractor.go:88.57,90.8 1 1
github.com/danishjsheikh/swagger-mcp/app/swagger/extractor.go:91.12,91.39 1 1
github.com/danishjsheikh/swagger-mcp/app/swagger/extractor.go:91.39,93.7 1 1
github.com/danishjsheikh/swagger-mcp/app/swagger/extractor.go:93.12,95.7 1 1
github.com/danishjsheikh/swagger-mcp/app/swagger/extractor.go:96.11,96.31 1 1
github.com/danishjsheikh/swagger-mcp/app/swagger/extractor.go:96.31,98.6 1 1
github.com/danishjsheikh/swagger-mcp/app/swagger/extractor.go:98.11,100.6 1 1
github.com/danishjsheikh/swagger-mcp/app/swagger/extractor.go:101.5,101.31 1 1
github.com/danishjsheikh/swagger-mcp/app/swagger/extractor.go:101.31,103.6 1 1
github.com/danishjsheikh/swagger-mcp/app/swagger/extractor.go:105.4,105.49 1 1
github.com/danishjsheikh/swagger-mcp/app/swagger/loader.go:14.62,18.43 3 1
github.com/danishjsheikh/swagger-mcp/app/swagger/loader.go:18.43,21.17 3 1
github.com/danishjsheikh/swagger-mcp/app/swagger/loader.go:21.17,23.4 1 1
github.com/danishjsheikh/swagger-mcp/app/swagger/loader.go:24.8,26.17 2 1
github.com/danishjsheikh/swagger-mcp/app/swagger/loader.go:26.17,28.4 1 1
github.com/danishjsheikh/swagger-mcp/app/swagger/loader.go:29.3,32.17 3 1
github.com/danishjsheikh/swagger-mcp/app/swagger/loader.go:32.17,34.4 1 1
github.com/danishjsheikh/swagger-mcp/app/swagger/loader.go:36.2,37.59 2 1
github.com/danishjsheikh/swagger-mcp/app/swagger/loader.go:37.59,39.3 1 1
github.com/danishjsheikh/swagger-mcp/app/swagger/loader.go:40.2,40.25 1 1
